<?xml version="1.0" encoding="UTF-8"?>
<!-- Generated by org.testng.reporters.JUnitReportReporter -->
<testsuite hostname="Ranees" failures="0" tests="2" name="testCases.Alert_func_test" time="3.683" errors="0" timestamp="2025-05-25T22:42:35 IST" skipped="0">
  <testcase classname="testCases.Alert_func_test" name="test_alertypefunc" time="3.023"/>
  <testcase classname="testCases.Alert_func_test" name="test_selectdevicefunc" time="0.660"/>
</testsuite> <!-- testCases.Alert_func_test -->
