<?xml version="1.0" encoding="UTF-8"?>
<!-- Generated by org.testng.reporters.JUnitReportReporter -->
<testsuite hostname="Ranees" failures="0" tests="22" name="testCases.Login_func_test" time="34.058" errors="0" timestamp="2025-05-25T22:42:35 IST" skipped="0">
  <testcase classname="testCases.Login_func_test" name="testValidLoginLogoutFunc" time="4.116"/>
  <testcase classname="testCases.Login_func_test" name="testValidLoginLogoutFunc" time="3.654"/>
  <testcase classname="testCases.Login_func_test" name="testInvalidLoginFunc" time="1.774"/>
  <testcase classname="testCases.Login_func_test" name="testInvalidLoginFunc" time="1.444"/>
  <testcase classname="testCases.Login_func_test" name="testInvalidLoginFunc" time="1.133"/>
  <testcase classname="testCases.Login_func_test" name="testInvalidLoginFunc" time="1.571"/>
  <testcase classname="testCases.Login_func_test" name="testInvalidLoginFunc" time="1.112"/>
  <testcase classname="testCases.Login_func_test" name="testInvalidLoginFunc" time="1.077"/>
  <testcase classname="testCases.Login_func_test" name="testInvalidLoginFunc" time="1.384"/>
  <testcase classname="testCases.Login_func_test" name="testInvalidLoginFunc" time="1.495"/>
  <testcase classname="testCases.Login_func_test" name="testInvalidLoginFunc" time="1.103"/>
  <testcase classname="testCases.Login_func_test" name="testInvalidLoginFunc" time="1.058"/>
  <testcase classname="testCases.Login_func_test" name="testInvalidLoginFunc" time="1.364"/>
  <testcase classname="testCases.Login_func_test" name="testInvalidLoginFunc" time="1.763"/>
  <testcase classname="testCases.Login_func_test" name="testInvalidLoginFunc" time="1.004"/>
  <testcase classname="testCases.Login_func_test" name="testInvalidLoginFunc" time="1.359"/>
  <testcase classname="testCases.Login_func_test" name="testInvalidLoginFunc" time="1.205"/>
  <testcase classname="testCases.Login_func_test" name="testInvalidLoginFunc" time="1.060"/>
  <testcase classname="testCases.Login_func_test" name="testInvalidLoginFunc" time="1.439"/>
  <testcase classname="testCases.Login_func_test" name="testInvalidLoginFunc" time="1.071"/>
  <testcase classname="testCases.Login_func_test" name="testInvalidLoginFunc" time="1.562"/>
  <testcase classname="testCases.Login_func_test" name="testInvalidLoginFunc" time="1.310"/>
</testsuite> <!-- testCases.Login_func_test -->
