<?xml version="1.0" encoding="UTF-8"?>
<!-- Generated by org.testng.reporters.JUnitReportReporter -->
<testsuite hostname="Ranees" failures="0" tests="2" name="testCases.GPS_device_test" time="0.769" errors="0" timestamp="2025-03-02T22:56:18 IST" skipped="0">
  <testcase classname="testCases.GPS_device_test" name="test_gpsdevicepage_elements" time="0.439"/>
  <testcase classname="testCases.GPS_device_test" name="test_gpsdevicepage_printelementsInfo" time="0.330"/>
</testsuite> <!-- testCases.GPS_device_test -->
