<?xml version="1.0" encoding="UTF-8"?>
<!-- Generated by org.testng.reporters.JUnitReportReporter -->
<testsuite hostname="Ranees" failures="0" tests="2" name="testCases.Alert_func_test" time="11.576" errors="0" timestamp="2025-03-02T22:56:18 IST" skipped="0">
  <testcase classname="testCases.Alert_func_test" name="test_alertypefunc" time="0.671"/>
  <testcase classname="testCases.Alert_func_test" name="test_selectdevicefunc" time="10.905"/>
</testsuite> <!-- testCases.Alert_func_test -->
