<?xml version="1.0" encoding="UTF-8"?>
<!-- Generated by org.testng.reporters.JUnitReportReporter -->
<testsuite hostname="Ranees" failures="0" tests="22" name="testCases.Login_func_test" time="106.771" errors="0" timestamp="2025-07-18T09:46:42 IST" skipped="0">
  <testcase classname="testCases.Login_func_test" name="testValidLoginLogoutFunc" time="10.636"/>
  <testcase classname="testCases.Login_func_test" name="testValidLoginLogoutFunc" time="11.694"/>
  <testcase classname="testCases.Login_func_test" name="testInvalidLoginFunc" time="3.175"/>
  <testcase classname="testCases.Login_func_test" name="testInvalidLoginFunc" time="3.376"/>
  <testcase classname="testCases.Login_func_test" name="testInvalidLoginFunc" time="5.017"/>
  <testcase classname="testCases.Login_func_test" name="testInvalidLoginFunc" time="4.498"/>
  <testcase classname="testCases.Login_func_test" name="testInvalidLoginFunc" time="3.271"/>
  <testcase classname="testCases.Login_func_test" name="testInvalidLoginFunc" time="6.462"/>
  <testcase classname="testCases.Login_func_test" name="testInvalidLoginFunc" time="2.564"/>
  <testcase classname="testCases.Login_func_test" name="testInvalidLoginFunc" time="4.506"/>
  <testcase classname="testCases.Login_func_test" name="testInvalidLoginFunc" time="4.914"/>
  <testcase classname="testCases.Login_func_test" name="testInvalidLoginFunc" time="2.965"/>
  <testcase classname="testCases.Login_func_test" name="testInvalidLoginFunc" time="3.788"/>
  <testcase classname="testCases.Login_func_test" name="testInvalidLoginFunc" time="2.865"/>
  <testcase classname="testCases.Login_func_test" name="testInvalidLoginFunc" time="5.834"/>
  <testcase classname="testCases.Login_func_test" name="testInvalidLoginFunc" time="5.625"/>
  <testcase classname="testCases.Login_func_test" name="testInvalidLoginFunc" time="3.884"/>
  <testcase classname="testCases.Login_func_test" name="testInvalidLoginFunc" time="3.999"/>
  <testcase classname="testCases.Login_func_test" name="testInvalidLoginFunc" time="4.707"/>
  <testcase classname="testCases.Login_func_test" name="testInvalidLoginFunc" time="4.810"/>
  <testcase classname="testCases.Login_func_test" name="testInvalidLoginFunc" time="5.322"/>
  <testcase classname="testCases.Login_func_test" name="testInvalidLoginFunc" time="2.859"/>
</testsuite> <!-- testCases.Login_func_test -->
