<?xml version="1.0" encoding="UTF-8"?>
<!-- Generated by org.testng.reporters.JUnitReportReporter -->
<testsuite hostname="Ranees" failures="0" tests="2" name="testCases.Alert_func_test" time="7.981" errors="0" timestamp="2025-07-08T00:41:15 IST" skipped="0">
  <testcase classname="testCases.Alert_func_test" name="test_alertypefunc" time="6.651"/>
  <testcase classname="testCases.Alert_func_test" name="test_selectdevicefunc" time="1.330"/>
</testsuite> <!-- testCases.Alert_func_test -->
