<?xml version="1.0" encoding="UTF-8"?>
<!-- Generated by org.testng.reporters.JUnitReportReporter -->
<testsuite hostname="Ranees" failures="0" tests="4" name="testCases.Dashboard_func_test" time="16.926" errors="0" timestamp="2025-07-18T09:46:42 IST" skipped="0">
  <testcase classname="testCases.Dashboard_func_test" name="test_dashboardfunc_profilenameverify" time="4.420"/>
  <testcase classname="testCases.Dashboard_func_test" name="test_dashboardfunc_profilenameverify" time="4.115"/>
  <testcase classname="testCases.Dashboard_func_test" name="test_dashboard_livetrackingverify" time="2.762"/>
  <testcase classname="testCases.Dashboard_func_test" name="test_dashboard_livetrackingverify" time="5.629"/>
</testsuite> <!-- testCases.Dashboard_func_test -->
