<?xml version="1.0" encoding="UTF-8"?>
<!-- Generated by org.testng.reporters.JUnitReportReporter -->
<testsuite hostname="Ranees" failures="0" tests="2" name="testCases.Dashboard_func_test" time="1.708" errors="0" timestamp="2025-03-02T22:56:17 IST" skipped="0">
  <testcase classname="testCases.Dashboard_func_test" name="test_dashboardfunc_profilenameverify" time="1.208"/>
  <testcase classname="testCases.Dashboard_func_test" name="test_dashboard_livetrackingverify" time="0.500"/>
</testsuite> <!-- testCases.Dashboard_func_test -->
