<?xml version="1.0" encoding="UTF-8"?>
<!-- Generated by org.testng.reporters.JUnitReportReporter -->
<testsuite hostname="Ranees" failures="0" tests="11" name="testCases.Login_func_test" time="14.433" errors="0" timestamp="2024-12-27T19:38:36 IST" skipped="0">
  <testcase classname="testCases.Login_func_test" name="test_login_logoutfunc" time="3.443"/>
  <testcase classname="testCases.Login_func_test" name="test_loginfunc" time="1.069"/>
  <testcase classname="testCases.Login_func_test" name="test_loginfunc" time="1.001"/>
  <testcase classname="testCases.Login_func_test" name="test_loginfunc" time="1.355"/>
  <testcase classname="testCases.Login_func_test" name="test_loginfunc" time="1.515"/>
  <testcase classname="testCases.Login_func_test" name="test_loginfunc" time="1.013"/>
  <testcase classname="testCases.Login_func_test" name="test_loginfunc" time="0.896"/>
  <testcase classname="testCases.Login_func_test" name="test_loginfunc" time="1.623"/>
  <testcase classname="testCases.Login_func_test" name="test_loginfunc" time="0.862"/>
  <testcase classname="testCases.Login_func_test" name="test_loginfunc" time="0.898"/>
  <testcase classname="testCases.Login_func_test" name="test_loginfunc" time="0.758"/>
</testsuite> <!-- testCases.Login_func_test -->
