<?xml version="1.0" encoding="UTF-8"?>
<!-- Generated by org.testng.reporters.JUnitReportReporter -->
<testsuite hostname="Ranees" failures="0" tests="1" name="testCases.GPS_device_test" time="0.000" errors="0" timestamp="2025-01-02T16:43:56 IST" skipped="1">
  <testcase classname="testCases.GPS_device_test" name="test_gpsdevicepage_elements" time="0.000">
    <skipped/>
  </testcase> <!-- test_gpsdevicepage_elements -->
</testsuite> <!-- testCases.GPS_device_test -->
