<?xml version="1.0" encoding="UTF-8"?>
<!-- Generated by org.testng.reporters.JUnitReportReporter -->
<testsuite hostname="Ranees" failures="0" tests="11" name="testCases.Login_func_test" time="11.097" errors="0" timestamp="2025-03-02T22:56:18 IST" skipped="0">
  <testcase classname="testCases.Login_func_test" name="test_login_logoutfunc" time="3.677"/>
  <testcase classname="testCases.Login_func_test" name="test_loginfunc" time="0.699"/>
  <testcase classname="testCases.Login_func_test" name="test_loginfunc" time="0.940"/>
  <testcase classname="testCases.Login_func_test" name="test_loginfunc" time="0.593"/>
  <testcase classname="testCases.Login_func_test" name="test_loginfunc" time="0.735"/>
  <testcase classname="testCases.Login_func_test" name="test_loginfunc" time="0.644"/>
  <testcase classname="testCases.Login_func_test" name="test_loginfunc" time="0.850"/>
  <testcase classname="testCases.Login_func_test" name="test_loginfunc" time="0.797"/>
  <testcase classname="testCases.Login_func_test" name="test_loginfunc" time="0.819"/>
  <testcase classname="testCases.Login_func_test" name="test_loginfunc" time="0.678"/>
  <testcase classname="testCases.Login_func_test" name="test_loginfunc" time="0.665"/>
</testsuite> <!-- testCases.Login_func_test -->
