<?xml version="1.0" encoding="UTF-8"?>
<!-- Generated by org.testng.reporters.JUnitReportReporter -->
<testsuite hostname="Ranees" failures="0" tests="2" name="testCases.GPS_device_test" time="1.129" errors="0" timestamp="2025-05-25T22:42:35 IST" skipped="0">
  <testcase classname="testCases.GPS_device_test" name="test_gpsdevicepage_elements" time="0.594"/>
  <testcase classname="testCases.GPS_device_test" name="test_gpsdevicepage_printelementsInfo" time="0.535"/>
</testsuite> <!-- testCases.GPS_device_test -->
