<?xml version="1.0" encoding="UTF-8"?>
<!-- Generated by org.testng.reporters.JUnitReportReporter -->
<testsuite hostname="Ranees" failures="0" tests="2" name="testCases.GPS_device_test" time="3.270" errors="0" timestamp="2025-07-18T09:46:42 IST" skipped="0">
  <testcase classname="testCases.GPS_device_test" name="test_gpsdevicepage_elements" time="1.123"/>
  <testcase classname="testCases.GPS_device_test" name="test_gpsdevicepage_printelementsInfo" time="2.147"/>
</testsuite> <!-- testCases.GPS_device_test -->
