<?xml version="1.0" encoding="UTF-8"?>
<!-- Generated by org.testng.reporters.JUnitReportReporter -->
<testsuite hostname="Ranees" failures="0" tests="22" name="testCases.Login_func_test" time="80.655" errors="0" timestamp="2025-07-08T00:41:15 IST" skipped="0">
  <testcase classname="testCases.Login_func_test" name="testValidLoginLogoutFunc" time="10.940"/>
  <testcase classname="testCases.Login_func_test" name="testValidLoginLogoutFunc" time="13.020"/>
  <testcase classname="testCases.Login_func_test" name="testInvalidLoginFunc" time="2.763"/>
  <testcase classname="testCases.Login_func_test" name="testInvalidLoginFunc" time="3.274"/>
  <testcase classname="testCases.Login_func_test" name="testInvalidLoginFunc" time="2.761"/>
  <testcase classname="testCases.Login_func_test" name="testInvalidLoginFunc" time="2.529"/>
  <testcase classname="testCases.Login_func_test" name="testInvalidLoginFunc" time="2.493"/>
  <testcase classname="testCases.Login_func_test" name="testInvalidLoginFunc" time="2.689"/>
  <testcase classname="testCases.Login_func_test" name="testInvalidLoginFunc" time="3.141"/>
  <testcase classname="testCases.Login_func_test" name="testInvalidLoginFunc" time="2.212"/>
  <testcase classname="testCases.Login_func_test" name="testInvalidLoginFunc" time="3.115"/>
  <testcase classname="testCases.Login_func_test" name="testInvalidLoginFunc" time="2.799"/>
  <testcase classname="testCases.Login_func_test" name="testInvalidLoginFunc" time="2.955"/>
  <testcase classname="testCases.Login_func_test" name="testInvalidLoginFunc" time="2.701"/>
  <testcase classname="testCases.Login_func_test" name="testInvalidLoginFunc" time="2.763"/>
  <testcase classname="testCases.Login_func_test" name="testInvalidLoginFunc" time="2.722"/>
  <testcase classname="testCases.Login_func_test" name="testInvalidLoginFunc" time="3.144"/>
  <testcase classname="testCases.Login_func_test" name="testInvalidLoginFunc" time="2.872"/>
  <testcase classname="testCases.Login_func_test" name="testInvalidLoginFunc" time="3.269"/>
  <testcase classname="testCases.Login_func_test" name="testInvalidLoginFunc" time="2.967"/>
  <testcase classname="testCases.Login_func_test" name="testInvalidLoginFunc" time="2.966"/>
  <testcase classname="testCases.Login_func_test" name="testInvalidLoginFunc" time="2.560"/>
</testsuite> <!-- testCases.Login_func_test -->
