<?xml version="1.0" encoding="UTF-8"?>
<!-- Generated by org.testng.reporters.JUnitReportReporter -->
<testsuite hostname="Ranees" failures="0" tests="11" name="testCases.Login_func_test" time="13.671" errors="0" timestamp="2025-01-04T12:20:41 IST" skipped="0">
  <testcase classname="testCases.Login_func_test" name="test_login_logoutfunc" time="3.398"/>
  <testcase classname="testCases.Login_func_test" name="test_loginfunc" time="1.511"/>
  <testcase classname="testCases.Login_func_test" name="test_loginfunc" time="0.824"/>
  <testcase classname="testCases.Login_func_test" name="test_loginfunc" time="0.901"/>
  <testcase classname="testCases.Login_func_test" name="test_loginfunc" time="0.721"/>
  <testcase classname="testCases.Login_func_test" name="test_loginfunc" time="0.890"/>
  <testcase classname="testCases.Login_func_test" name="test_loginfunc" time="1.107"/>
  <testcase classname="testCases.Login_func_test" name="test_loginfunc" time="1.049"/>
  <testcase classname="testCases.Login_func_test" name="test_loginfunc" time="1.108"/>
  <testcase classname="testCases.Login_func_test" name="test_loginfunc" time="1.060"/>
  <testcase classname="testCases.Login_func_test" name="test_loginfunc" time="1.102"/>
</testsuite> <!-- testCases.Login_func_test -->
