<?xml version="1.0" encoding="UTF-8"?>
<!-- Generated by org.testng.reporters.JUnitReportReporter -->
<testsuite hostname="Ranees" failures="0" tests="2" name="testCases.Alert_func_test" time="9.805" errors="0" timestamp="2025-07-21T08:04:31 IST" skipped="0">
  <testcase classname="testCases.Alert_func_test" name="test_alertypefunc" time="8.787"/>
  <testcase classname="testCases.Alert_func_test" name="test_selectdevicefunc" time="1.018"/>
</testsuite> <!-- testCases.Alert_func_test -->
