<?xml version="1.0" encoding="UTF-8"?>
<!-- Generated by org.testng.reporters.JUnitReportReporter -->
<testsuite hostname="Ranees" failures="0" tests="1" name="testCases.GPS_device_test" time="0.156" errors="0" timestamp="2025-01-02T16:47:47 IST" skipped="0">
  <testcase classname="testCases.GPS_device_test" name="test_gpsdevicepage_elements" time="0.156"/>
</testsuite> <!-- testCases.GPS_device_test -->
