<?xml version="1.0" encoding="UTF-8"?>
<!-- Generated by org.testng.reporters.JUnitReportReporter -->
<testsuite hostname="Ranees" failures="0" tests="2" name="testCases.GPS_device_test" time="0.000" errors="0" timestamp="2025-07-08T20:15:21 IST" skipped="2">
  <testcase classname="testCases.GPS_device_test" name="test_gpsdevicepage_elements" time="0.000">
    <skipped/>
  </testcase> <!-- test_gpsdevicepage_elements -->
  <testcase classname="testCases.GPS_device_test" name="test_gpsdevicepage_printelementsInfo" time="0.000">
    <skipped/>
  </testcase> <!-- test_gpsdevicepage_printelementsInfo -->
</testsuite> <!-- testCases.GPS_device_test -->
