<?xml version="1.0" encoding="UTF-8"?>
<!-- Generated by org.testng.reporters.JUnitReportReporter -->
<testsuite hostname="Ranees" failures="0" tests="4" name="testCases.Dashboard_func_test" time="0.000" errors="0" timestamp="2025-07-08T20:15:21 IST" skipped="4">
  <testcase classname="testCases.Dashboard_func_test" name="test_dashboardfunc_profilenameverify" time="0.000">
    <skipped/>
  </testcase> <!-- test_dashboardfunc_profilenameverify -->
  <testcase classname="testCases.Dashboard_func_test" name="test_dashboardfunc_profilenameverify" time="0.000">
    <skipped/>
  </testcase> <!-- test_dashboardfunc_profilenameverify -->
  <testcase classname="testCases.Dashboard_func_test" name="test_dashboard_livetrackingverify" time="0.000">
    <skipped/>
  </testcase> <!-- test_dashboard_livetrackingverify -->
  <testcase classname="testCases.Dashboard_func_test" name="test_dashboard_livetrackingverify" time="0.000">
    <skipped/>
  </testcase> <!-- test_dashboard_livetrackingverify -->
</testsuite> <!-- testCases.Dashboard_func_test -->
