<?xml version="1.0" encoding="UTF-8"?>
<!-- Generated by org.testng.reporters.JUnitReportReporter -->
<testsuite hostname="Ranees" failures="0" tests="11" name="testCases.Login_func_test" time="12.476" errors="0" timestamp="2024-12-26T15:46:38 IST" skipped="0">
  <testcase classname="testCases.Login_func_test" name="test_login_logoutfunc" time="2.954"/>
  <testcase classname="testCases.Login_func_test" name="test_loginfunc" time="0.747"/>
  <testcase classname="testCases.Login_func_test" name="test_loginfunc" time="0.995"/>
  <testcase classname="testCases.Login_func_test" name="test_loginfunc" time="1.053"/>
  <testcase classname="testCases.Login_func_test" name="test_loginfunc" time="0.805"/>
  <testcase classname="testCases.Login_func_test" name="test_loginfunc" time="0.880"/>
  <testcase classname="testCases.Login_func_test" name="test_loginfunc" time="0.896"/>
  <testcase classname="testCases.Login_func_test" name="test_loginfunc" time="0.731"/>
  <testcase classname="testCases.Login_func_test" name="test_loginfunc" time="1.071"/>
  <testcase classname="testCases.Login_func_test" name="test_loginfunc" time="1.106"/>
  <testcase classname="testCases.Login_func_test" name="test_loginfunc" time="1.238"/>
</testsuite> <!-- testCases.Login_func_test -->
