<?xml version="1.0" encoding="UTF-8"?>
<!-- Generated by org.testng.reporters.JUnitReportReporter -->
<testsuite hostname="Ranees" failures="0" tests="2" name="testCases.GPS_device_test" time="0.558" errors="0" timestamp="2025-01-07T23:11:45 IST" skipped="0">
  <testcase classname="testCases.GPS_device_test" name="test_gpsdevicepage_elements" time="0.280"/>
  <testcase classname="testCases.GPS_device_test" name="test_gpsdevicepage_printelementsInfo" time="0.278"/>
</testsuite> <!-- testCases.GPS_device_test -->
