<?xml version="1.0" encoding="UTF-8"?>
<!-- Generated by org.testng.reporters.JUnitReportReporter -->
<testsuite hostname="Ranees" failures="0" tests="2" name="testCases.GPS_device_test" time="1.818" errors="0" timestamp="2025-07-21T08:04:31 IST" skipped="0">
  <testcase classname="testCases.GPS_device_test" name="test_gpsdevicepage_elements" time="0.677"/>
  <testcase classname="testCases.GPS_device_test" name="test_gpsdevicepage_printelementsInfo" time="1.141"/>
</testsuite> <!-- testCases.GPS_device_test -->
