<?xml version="1.0" encoding="UTF-8"?>
<!-- Generated by org.testng.reporters.JUnitReportReporter -->
<testsuite hostname="Ranees" failures="0" tests="11" name="testCases.Login_func_test" time="13.258" errors="0" timestamp="2025-01-04T12:27:29 IST" skipped="0">
  <testcase classname="testCases.Login_func_test" name="test_login_logoutfunc" time="3.010"/>
  <testcase classname="testCases.Login_func_test" name="test_loginfunc" time="0.995"/>
  <testcase classname="testCases.Login_func_test" name="test_loginfunc" time="1.051"/>
  <testcase classname="testCases.Login_func_test" name="test_loginfunc" time="1.107"/>
  <testcase classname="testCases.Login_func_test" name="test_loginfunc" time="0.781"/>
  <testcase classname="testCases.Login_func_test" name="test_loginfunc" time="1.172"/>
  <testcase classname="testCases.Login_func_test" name="test_loginfunc" time="1.626"/>
  <testcase classname="testCases.Login_func_test" name="test_loginfunc" time="0.999"/>
  <testcase classname="testCases.Login_func_test" name="test_loginfunc" time="0.903"/>
  <testcase classname="testCases.Login_func_test" name="test_loginfunc" time="0.845"/>
  <testcase classname="testCases.Login_func_test" name="test_loginfunc" time="0.769"/>
</testsuite> <!-- testCases.Login_func_test -->
