<?xml version="1.0" encoding="UTF-8"?>
<!-- Generated by org.testng.reporters.JUnitReportReporter -->
<testsuite hostname="Ranees" failures="0" tests="11" name="testCases.Login_func_test" time="10.578" errors="0" timestamp="2025-03-03T17:38:05 IST" skipped="0">
  <testcase classname="testCases.Login_func_test" name="test_login_logoutfunc" time="2.800"/>
  <testcase classname="testCases.Login_func_test" name="test_loginfunc" time="0.879"/>
  <testcase classname="testCases.Login_func_test" name="test_loginfunc" time="0.834"/>
  <testcase classname="testCases.Login_func_test" name="test_loginfunc" time="0.626"/>
  <testcase classname="testCases.Login_func_test" name="test_loginfunc" time="1.046"/>
  <testcase classname="testCases.Login_func_test" name="test_loginfunc" time="0.643"/>
  <testcase classname="testCases.Login_func_test" name="test_loginfunc" time="0.779"/>
  <testcase classname="testCases.Login_func_test" name="test_loginfunc" time="0.819"/>
  <testcase classname="testCases.Login_func_test" name="test_loginfunc" time="0.721"/>
  <testcase classname="testCases.Login_func_test" name="test_loginfunc" time="0.647"/>
  <testcase classname="testCases.Login_func_test" name="test_loginfunc" time="0.784"/>
</testsuite> <!-- testCases.Login_func_test -->
