<?xml version="1.0" encoding="UTF-8"?>
<!-- Generated by org.testng.reporters.JUnitReportReporter -->
<testsuite hostname="Ranees" failures="0" tests="22" name="testCases.Login_func_test" time="92.955" errors="0" timestamp="2025-07-21T08:04:31 IST" skipped="0">
  <testcase classname="testCases.Login_func_test" name="testValidLoginLogoutFunc" time="9.703"/>
  <testcase classname="testCases.Login_func_test" name="testValidLoginLogoutFunc" time="18.140"/>
  <testcase classname="testCases.Login_func_test" name="testInvalidLoginFunc" time="2.345"/>
  <testcase classname="testCases.Login_func_test" name="testInvalidLoginFunc" time="2.576"/>
  <testcase classname="testCases.Login_func_test" name="testInvalidLoginFunc" time="3.885"/>
  <testcase classname="testCases.Login_func_test" name="testInvalidLoginFunc" time="4.291"/>
  <testcase classname="testCases.Login_func_test" name="testInvalidLoginFunc" time="3.146"/>
  <testcase classname="testCases.Login_func_test" name="testInvalidLoginFunc" time="2.185"/>
  <testcase classname="testCases.Login_func_test" name="testInvalidLoginFunc" time="2.080"/>
  <testcase classname="testCases.Login_func_test" name="testInvalidLoginFunc" time="2.464"/>
  <testcase classname="testCases.Login_func_test" name="testInvalidLoginFunc" time="4.405"/>
  <testcase classname="testCases.Login_func_test" name="testInvalidLoginFunc" time="4.504"/>
  <testcase classname="testCases.Login_func_test" name="testInvalidLoginFunc" time="2.127"/>
  <testcase classname="testCases.Login_func_test" name="testInvalidLoginFunc" time="4.730"/>
  <testcase classname="testCases.Login_func_test" name="testInvalidLoginFunc" time="3.778"/>
  <testcase classname="testCases.Login_func_test" name="testInvalidLoginFunc" time="2.117"/>
  <testcase classname="testCases.Login_func_test" name="testInvalidLoginFunc" time="4.200"/>
  <testcase classname="testCases.Login_func_test" name="testInvalidLoginFunc" time="3.992"/>
  <testcase classname="testCases.Login_func_test" name="testInvalidLoginFunc" time="2.202"/>
  <testcase classname="testCases.Login_func_test" name="testInvalidLoginFunc" time="2.186"/>
  <testcase classname="testCases.Login_func_test" name="testInvalidLoginFunc" time="3.795"/>
  <testcase classname="testCases.Login_func_test" name="testInvalidLoginFunc" time="4.104"/>
</testsuite> <!-- testCases.Login_func_test -->
