<?xml version="1.0" encoding="UTF-8"?>
<!-- Generated by org.testng.reporters.JUnitReportReporter -->
<testsuite hostname="Ranees" failures="0" tests="2" name="testCases.Alert_func_test" time="3.053" errors="0" timestamp="2025-05-26T18:56:03 IST" skipped="0">
  <testcase classname="testCases.Alert_func_test" name="test_alertypefunc" time="2.874"/>
  <testcase classname="testCases.Alert_func_test" name="test_selectdevicefunc" time="0.179"/>
</testsuite> <!-- testCases.Alert_func_test -->
