<?xml version="1.0" encoding="UTF-8"?>
<!-- Generated by org.testng.reporters.JUnitReportReporter -->
<testsuite hostname="Ranees" failures="0" tests="11" name="testCases.Login_func_test" time="82.246" errors="0" timestamp="2025-01-07T23:11:45 IST" skipped="0">
  <testcase classname="testCases.Login_func_test" name="test_login_logoutfunc" time="37.603"/>
  <testcase classname="testCases.Login_func_test" name="test_loginfunc" time="1.186"/>
  <testcase classname="testCases.Login_func_test" name="test_loginfunc" time="1.541"/>
  <testcase classname="testCases.Login_func_test" name="test_loginfunc" time="1.628"/>
  <testcase classname="testCases.Login_func_test" name="test_loginfunc" time="0.754"/>
  <testcase classname="testCases.Login_func_test" name="test_loginfunc" time="2.436"/>
  <testcase classname="testCases.Login_func_test" name="test_loginfunc" time="3.389"/>
  <testcase classname="testCases.Login_func_test" name="test_loginfunc" time="1.154"/>
  <testcase classname="testCases.Login_func_test" name="test_loginfunc" time="1.327"/>
  <testcase classname="testCases.Login_func_test" name="test_loginfunc" time="0.814"/>
  <testcase classname="testCases.Login_func_test" name="test_loginfunc" time="30.414"/>
</testsuite> <!-- testCases.Login_func_test -->
