<?xml version="1.0" encoding="UTF-8"?>
<!-- Generated by org.testng.reporters.JUnitReportReporter -->
<testsuite hostname="Ranees" failures="0" tests="2" name="testCases.Alert_func_test" time="1.984" errors="0" timestamp="2025-03-03T17:38:05 IST" skipped="0">
  <testcase classname="testCases.Alert_func_test" name="test_alertypefunc" time="1.270"/>
  <testcase classname="testCases.Alert_func_test" name="test_selectdevicefunc" time="0.714"/>
</testsuite> <!-- testCases.Alert_func_test -->
