<?xml version="1.0" encoding="UTF-8"?>
<!-- Generated by org.testng.reporters.JUnitReportReporter -->
<testsuite hostname="Ranees" failures="0" tests="2" name="testCases.Dashboard_func_test" time="0.000" errors="0" timestamp="2024-12-26T20:02:53 IST" skipped="2">
  <testcase classname="testCases.Dashboard_func_test" name="test_dashboardfunc_profilenameverify" time="0.000">
    <skipped/>
  </testcase> <!-- test_dashboardfunc_profilenameverify -->
  <testcase classname="testCases.Dashboard_func_test" name="test_dashboard_livetrackingverify" time="0.000">
    <skipped/>
  </testcase> <!-- test_dashboard_livetrackingverify -->
</testsuite> <!-- testCases.Dashboard_func_test -->
