<?xml version="1.0" encoding="UTF-8"?>
<!-- Generated by org.testng.reporters.JUnitReportReporter -->
<testsuite hostname="Ranees" failures="0" tests="22" name="testCases.Login_func_test" time="32.337" errors="0" timestamp="2025-05-26T18:56:03 IST" skipped="0">
  <testcase classname="testCases.Login_func_test" name="testValidLoginLogoutFunc" time="6.566"/>
  <testcase classname="testCases.Login_func_test" name="testValidLoginLogoutFunc" time="8.597"/>
  <testcase classname="testCases.Login_func_test" name="testInvalidLoginFunc" time="0.690"/>
  <testcase classname="testCases.Login_func_test" name="testInvalidLoginFunc" time="0.636"/>
  <testcase classname="testCases.Login_func_test" name="testInvalidLoginFunc" time="0.952"/>
  <testcase classname="testCases.Login_func_test" name="testInvalidLoginFunc" time="0.586"/>
  <testcase classname="testCases.Login_func_test" name="testInvalidLoginFunc" time="0.822"/>
  <testcase classname="testCases.Login_func_test" name="testInvalidLoginFunc" time="1.100"/>
  <testcase classname="testCases.Login_func_test" name="testInvalidLoginFunc" time="0.781"/>
  <testcase classname="testCases.Login_func_test" name="testInvalidLoginFunc" time="0.839"/>
  <testcase classname="testCases.Login_func_test" name="testInvalidLoginFunc" time="0.823"/>
  <testcase classname="testCases.Login_func_test" name="testInvalidLoginFunc" time="0.622"/>
  <testcase classname="testCases.Login_func_test" name="testInvalidLoginFunc" time="0.701"/>
  <testcase classname="testCases.Login_func_test" name="testInvalidLoginFunc" time="0.725"/>
  <testcase classname="testCases.Login_func_test" name="testInvalidLoginFunc" time="0.819"/>
  <testcase classname="testCases.Login_func_test" name="testInvalidLoginFunc" time="0.708"/>
  <testcase classname="testCases.Login_func_test" name="testInvalidLoginFunc" time="0.958"/>
  <testcase classname="testCases.Login_func_test" name="testInvalidLoginFunc" time="0.890"/>
  <testcase classname="testCases.Login_func_test" name="testInvalidLoginFunc" time="0.975"/>
  <testcase classname="testCases.Login_func_test" name="testInvalidLoginFunc" time="0.827"/>
  <testcase classname="testCases.Login_func_test" name="testInvalidLoginFunc" time="0.620"/>
  <testcase classname="testCases.Login_func_test" name="testInvalidLoginFunc" time="2.100"/>
</testsuite> <!-- testCases.Login_func_test -->
